2023-04-01 16:42:01,888 - __main__ - FIM2.py - INFO - File deleted: C:\Users\ASUS\Desktop\Project\FMI-Python\Files\bac.txt
2023-04-01 16:42:02,893 - __main__ - FIM2.py - INFO - File deleted: C:\Users\ASUS\Desktop\Project\FMI-Python\Files\bac.txt
2023-04-01 16:42:03,907 - __main__ - FIM2.py - INFO - File deleted: C:\Users\ASUS\Desktop\Project\FMI-Python\Files\bac.txt
2023-04-01 16:42:04,918 - __main__ - FIM2.py - INFO - File deleted: C:\Users\ASUS\Desktop\Project\FMI-Python\Files\bac.txt
2023-04-01 16:42:05,942 - __main__ - FIM2.py - INFO - File modified: C:\Users\ASUS\Desktop\Project\FMI-Python\Files\b.txt
2023-04-01 16:42:05,945 - __main__ - FIM2.py - INFO - File deleted: C:\Users\ASUS\Desktop\Project\FMI-Python\Files\bac.txt
2023-04-01 16:42:06,958 - __main__ - FIM2.py - INFO - File deleted: C:\Users\ASUS\Desktop\Project\FMI-Python\Files\bac.txt
2023-04-01 16:42:07,959 - __main__ - FIM2.py - INFO - File deleted: C:\Users\ASUS\Desktop\Project\FMI-Python\Files\bac.txt
2023-04-01 16:42:08,973 - __main__ - FIM2.py - INFO - File deleted: C:\Users\ASUS\Desktop\Project\FMI-Python\Files\bac.txt
2023-04-01 16:42:09,987 - __main__ - FIM2.py - INFO - File deleted: C:\Users\ASUS\Desktop\Project\FMI-Python\Files\bac.txt
2023-04-01 16:42:10,995 - __main__ - FIM2.py - INFO - New file created : C:\Users\ASUS\Desktop\Project\FMI-Python\Files\New Text Document.txt
2023-04-01 16:42:10,995 - __main__ - FIM2.py - INFO - File deleted: C:\Users\ASUS\Desktop\Project\FMI-Python\Files\bac.txt
2023-04-01 16:42:12,004 - __main__ - FIM2.py - INFO - File deleted: C:\Users\ASUS\Desktop\Project\FMI-Python\Files\bac.txt
2023-04-01 16:42:13,013 - __main__ - FIM2.py - INFO - File deleted: C:\Users\ASUS\Desktop\Project\FMI-Python\Files\bac.txt
2023-04-01 16:42:14,028 - __main__ - FIM2.py - INFO - New file created : C:\Users\ASUS\Desktop\Project\FMI-Python\Files\abc.txt
2023-04-01 16:42:14,029 - __main__ - FIM2.py - INFO - File deleted: C:\Users\ASUS\Desktop\Project\FMI-Python\Files\bac.txt
2023-04-01 16:42:14,029 - __main__ - FIM2.py - INFO - File deleted: C:\Users\ASUS\Desktop\Project\FMI-Python\Files\New Text Document.txt
2023-04-01 16:42:15,042 - __main__ - FIM2.py - INFO - File deleted: C:\Users\ASUS\Desktop\Project\FMI-Python\Files\bac.txt
2023-04-01 16:42:15,043 - __main__ - FIM2.py - INFO - File deleted: C:\Users\ASUS\Desktop\Project\FMI-Python\Files\New Text Document.txt
2023-04-01 16:42:16,047 - __main__ - FIM2.py - INFO - File deleted: C:\Users\ASUS\Desktop\Project\FMI-Python\Files\bac.txt
2023-04-01 16:42:16,048 - __main__ - FIM2.py - INFO - File deleted: C:\Users\ASUS\Desktop\Project\FMI-Python\Files\New Text Document.txt
2023-04-01 16:42:17,062 - __main__ - FIM2.py - INFO - File deleted: C:\Users\ASUS\Desktop\Project\FMI-Python\Files\bac.txt
2023-04-01 16:42:17,063 - __main__ - FIM2.py - INFO - File deleted: C:\Users\ASUS\Desktop\Project\FMI-Python\Files\New Text Document.txt
2023-04-01 16:42:18,070 - __main__ - FIM2.py - INFO - File deleted: C:\Users\ASUS\Desktop\Project\FMI-Python\Files\bac.txt
2023-04-01 16:42:18,071 - __main__ - FIM2.py - INFO - File deleted: C:\Users\ASUS\Desktop\Project\FMI-Python\Files\New Text Document.txt
2023-04-01 16:42:19,078 - __main__ - FIM2.py - INFO - File deleted: C:\Users\ASUS\Desktop\Project\FMI-Python\Files\bac.txt
2023-04-01 16:42:19,079 - __main__ - FIM2.py - INFO - File deleted: C:\Users\ASUS\Desktop\Project\FMI-Python\Files\New Text Document.txt
2023-04-01 16:42:20,092 - __main__ - FIM2.py - INFO - File deleted: C:\Users\ASUS\Desktop\Project\FMI-Python\Files\bac.txt
2023-04-01 16:42:20,093 - __main__ - FIM2.py - INFO - File deleted: C:\Users\ASUS\Desktop\Project\FMI-Python\Files\New Text Document.txt
2023-04-01 16:42:21,105 - __main__ - FIM2.py - INFO - File deleted: C:\Users\ASUS\Desktop\Project\FMI-Python\Files\bac.txt
2023-04-01 16:42:21,106 - __main__ - FIM2.py - INFO - File deleted: C:\Users\ASUS\Desktop\Project\FMI-Python\Files\New Text Document.txt
2023-04-01 16:44:43,452 - __main__ - FIM2.py - INFO - File modified: C:\Users\ASUS\Desktop\Project\FMI-Python\Files\abc.txt
2023-04-01 16:44:48,506 - __main__ - FIM2.py - INFO - New file created : C:\Users\ASUS\Desktop\Project\FMI-Python\Files\New Text Document.txt
2023-04-01 16:44:50,532 - __main__ - FIM2.py - INFO - New file created : C:\Users\ASUS\Desktop\Project\FMI-Python\Files\hello.txt
2023-04-01 16:44:50,533 - __main__ - FIM2.py - INFO - File deleted: C:\Users\ASUS\Desktop\Project\FMI-Python\Files\New Text Document.txt
2023-04-01 16:44:51,552 - __main__ - FIM2.py - INFO - File deleted: C:\Users\ASUS\Desktop\Project\FMI-Python\Files\New Text Document.txt
2023-04-01 16:44:52,572 - __main__ - FIM2.py - INFO - File deleted: C:\Users\ASUS\Desktop\Project\FMI-Python\Files\New Text Document.txt
2023-04-01 16:44:53,590 - __main__ - FIM2.py - INFO - File deleted: C:\Users\ASUS\Desktop\Project\FMI-Python\Files\d.txt
2023-04-01 16:44:53,591 - __main__ - FIM2.py - INFO - File deleted: C:\Users\ASUS\Desktop\Project\FMI-Python\Files\New Text Document.txt
2023-04-01 16:44:54,598 - __main__ - FIM2.py - INFO - File deleted: C:\Users\ASUS\Desktop\Project\FMI-Python\Files\d.txt
2023-04-01 16:44:54,598 - __main__ - FIM2.py - INFO - File deleted: C:\Users\ASUS\Desktop\Project\FMI-Python\Files\New Text Document.txt
2023-04-01 16:44:55,609 - __main__ - FIM2.py - INFO - File deleted: C:\Users\ASUS\Desktop\Project\FMI-Python\Files\d.txt
2023-04-01 16:44:55,610 - __main__ - FIM2.py - INFO - File deleted: C:\Users\ASUS\Desktop\Project\FMI-Python\Files\New Text Document.txt
2023-04-01 16:44:56,622 - __main__ - FIM2.py - INFO - File deleted: C:\Users\ASUS\Desktop\Project\FMI-Python\Files\d.txt
2023-04-01 16:44:56,623 - __main__ - FIM2.py - INFO - File deleted: C:\Users\ASUS\Desktop\Project\FMI-Python\Files\New Text Document.txt
2023-04-01 16:51:47,394 - __main__ - FIM2.py - CRITICAL - File deleted: C:\Users\ASUS\Desktop\Project\FMI-Python\Files\abc.txt
2023-04-01 16:51:48,397 - __main__ - FIM2.py - CRITICAL - File deleted: C:\Users\ASUS\Desktop\Project\FMI-Python\Files\abc.txt
2023-04-01 16:51:49,414 - __main__ - FIM2.py - CRITICAL - File deleted: C:\Users\ASUS\Desktop\Project\FMI-Python\Files\abc.txt
2023-04-01 16:51:50,421 - __main__ - FIM2.py - CRITICAL - File deleted: C:\Users\ASUS\Desktop\Project\FMI-Python\Files\abc.txt
2023-04-01 16:51:51,433 - __main__ - FIM2.py - CRITICAL - File deleted: C:\Users\ASUS\Desktop\Project\FMI-Python\Files\abc.txt
2023-04-01 16:51:52,450 - __main__ - FIM2.py - WARNING - File modified: C:\Users\ASUS\Desktop\Project\FMI-Python\Files\c.txt
2023-04-01 16:51:52,451 - __main__ - FIM2.py - CRITICAL - File deleted: C:\Users\ASUS\Desktop\Project\FMI-Python\Files\abc.txt
2023-04-01 16:51:53,455 - __main__ - FIM2.py - CRITICAL - File deleted: C:\Users\ASUS\Desktop\Project\FMI-Python\Files\abc.txt
2023-04-01 16:51:54,466 - __main__ - FIM2.py - CRITICAL - File deleted: C:\Users\ASUS\Desktop\Project\FMI-Python\Files\abc.txt
